<?xml version="1.0" encoding="UTF-8"?>
<testng-results ignored="0" total="9" passed="5" failed="2" skipped="2">
  <reporter-output>
  </reporter-output>
  <suite started-at="2023-07-12T14:01:54 EDT" name="Suite" finished-at="2023-07-12T14:01:54 EDT" duration-ms="204">
    <groups>
      <group name="important">
        <method signature="Testing2.test4()[pri:0, instance:test.Testing2@2f9f7dcf]" name="test4" class="test.Testing2"/>
      </group> <!-- important -->
      <group name="smoke">
        <method signature="Testing3.createUser()[pri:1, instance:test.Testing3@f6efaab]" name="createUser" class="test.Testing3"/>
        <method signature="Testing1.test1(int,java.lang.String)[pri:0, instance:test.Testing1@6069db50]" name="test1" class="test.Testing1"/>
        <method signature="Testing2.test3()[pri:0, instance:test.Testing2@2f9f7dcf]" name="test3" class="test.Testing2"/>
      </group> <!-- smoke -->
      <group name="sanity">
        <method signature="Testing3.createUser()[pri:1, instance:test.Testing3@f6efaab]" name="createUser" class="test.Testing3"/>
        <method signature="Testing1.test2()[pri:0, instance:test.Testing1@6069db50]" name="test2" class="test.Testing1"/>
      </group> <!-- sanity -->
    </groups>
    <test started-at="2023-07-12T14:01:54 EDT" name="Test" finished-at="2023-07-12T14:01:54 EDT" duration-ms="204">
      <class name="test.Testing2">
        <test-method signature="test3()[pri:0, instance:test.Testing2@2f9f7dcf]" started-at="2023-07-12T14:01:54 EDT" name="test3" finished-at="2023-07-12T14:01:54 EDT" duration-ms="2" status="PASS">
          <reporter-output>
          </reporter-output>
        </test-method> <!-- test3 -->
        <test-method signature="test4()[pri:0, instance:test.Testing2@2f9f7dcf]" started-at="2023-07-12T14:01:54 EDT" name="test4" finished-at="2023-07-12T14:01:54 EDT" duration-ms="4" status="PASS">
          <reporter-output>
          </reporter-output>
        </test-method> <!-- test4 -->
      </class> <!-- test.Testing2 -->
      <class name="test.Testing3">
        <test-method signature="createUser()[pri:1, instance:test.Testing3@f6efaab]" started-at="2023-07-12T14:01:54 EDT" name="createUser" finished-at="2023-07-12T14:01:54 EDT" duration-ms="12" status="FAIL">
          <exception class="java.lang.AssertionError">
            <message>
              <![CDATA[Verifying Element expected [true] but found [false]]]>
            </message>
            <full-stacktrace>
              <![CDATA[java.lang.AssertionError: Verifying Element expected [true] but found [false]
at org.testng.Assert.fail(Assert.java:111)
at org.testng.Assert.failNotEquals(Assert.java:1578)
at org.testng.Assert.assertTrue(Assert.java:57)
at test.Testing3.createUser(Testing3.java:17)
at java.base/jdk.internal.reflect.DirectMethodHandleAccessor.invoke(DirectMethodHandleAccessor.java:104)
at java.base/java.lang.reflect.Method.invoke(Method.java:578)
at org.testng.internal.invokers.MethodInvocationHelper.invokeMethod(MethodInvocationHelper.java:139)
at org.testng.internal.invokers.TestInvoker.invokeMethod(TestInvoker.java:664)
at org.testng.internal.invokers.TestInvoker.invokeTestMethod(TestInvoker.java:227)
at org.testng.internal.invokers.MethodRunner.runInSequence(MethodRunner.java:50)
at org.testng.internal.invokers.TestInvoker$MethodInvocationAgent.invoke(TestInvoker.java:957)
at org.testng.internal.invokers.TestInvoker.invokeTestMethods(TestInvoker.java:200)
at org.testng.internal.invokers.TestMethodWorker.invokeTestMethods(TestMethodWorker.java:148)
at org.testng.internal.invokers.TestMethodWorker.run(TestMethodWorker.java:128)
at java.base/java.util.ArrayList.forEach(ArrayList.java:1511)
at org.testng.TestRunner.privateRun(TestRunner.java:848)
at org.testng.TestRunner.run(TestRunner.java:621)
at org.testng.SuiteRunner.runTest(SuiteRunner.java:443)
at org.testng.SuiteRunner.runSequentially(SuiteRunner.java:437)
at org.testng.SuiteRunner.privateRun(SuiteRunner.java:397)
at org.testng.SuiteRunner.run(SuiteRunner.java:336)
at org.testng.SuiteRunnerWorker.runSuite(SuiteRunnerWorker.java:52)
at org.testng.SuiteRunnerWorker.run(SuiteRunnerWorker.java:95)
at org.testng.TestNG.runSuitesSequentially(TestNG.java:1280)
at org.testng.TestNG.runSuitesLocally(TestNG.java:1200)
at org.testng.TestNG.runSuites(TestNG.java:1114)
at org.testng.TestNG.run(TestNG.java:1082)
at org.testng.remote.AbstractRemoteTestNG.run(AbstractRemoteTestNG.java:115)
at org.testng.remote.RemoteTestNG.initAndRun(RemoteTestNG.java:251)
at org.testng.remote.RemoteTestNG.main(RemoteTestNG.java:77)
]]>
            </full-stacktrace>
          </exception> <!-- java.lang.AssertionError -->
          <reporter-output>
          </reporter-output>
        </test-method> <!-- createUser -->
        <test-method signature="editUser()[pri:2, instance:test.Testing3@f6efaab]" started-at="2023-07-12T14:01:54 EDT" name="editUser" finished-at="2023-07-12T14:01:54 EDT" depends-on-methods="test.Testing3.createUser" duration-ms="0" status="SKIP">
          <exception class="java.lang.Throwable">
            <message>
              <![CDATA[Method test.Testing3.editUser() on instance test.Testing3@f6efaab depends on not successfully finished methods 
[test.Testing3.createUser() on instance test.Testing3@f6efaab]]]>
            </message>
            <full-stacktrace>
              <![CDATA[java.lang.Throwable: Method test.Testing3.editUser() on instance test.Testing3@f6efaab depends on not successfully finished methods 
[test.Testing3.createUser() on instance test.Testing3@f6efaab]
at org.testng.internal.invokers.TestInvoker.invokeTestMethods(TestInvoker.java:156)
at org.testng.internal.invokers.TestMethodWorker.invokeTestMethods(TestMethodWorker.java:148)
at org.testng.internal.invokers.TestMethodWorker.run(TestMethodWorker.java:128)
at java.base/java.util.ArrayList.forEach(ArrayList.java:1511)
at org.testng.TestRunner.privateRun(TestRunner.java:848)
at org.testng.TestRunner.run(TestRunner.java:621)
at org.testng.SuiteRunner.runTest(SuiteRunner.java:443)
at org.testng.SuiteRunner.runSequentially(SuiteRunner.java:437)
at org.testng.SuiteRunner.privateRun(SuiteRunner.java:397)
at org.testng.SuiteRunner.run(SuiteRunner.java:336)
at org.testng.SuiteRunnerWorker.runSuite(SuiteRunnerWorker.java:52)
at org.testng.SuiteRunnerWorker.run(SuiteRunnerWorker.java:95)
at org.testng.TestNG.runSuitesSequentially(TestNG.java:1280)
at org.testng.TestNG.runSuitesLocally(TestNG.java:1200)
at org.testng.TestNG.runSuites(TestNG.java:1114)
at org.testng.TestNG.run(TestNG.java:1082)
at org.testng.remote.AbstractRemoteTestNG.run(AbstractRemoteTestNG.java:115)
at org.testng.remote.RemoteTestNG.initAndRun(RemoteTestNG.java:251)
at org.testng.remote.RemoteTestNG.main(RemoteTestNG.java:77)
]]>
            </full-stacktrace>
          </exception> <!-- java.lang.Throwable -->
          <reporter-output>
          </reporter-output>
        </test-method> <!-- editUser -->
        <test-method signature="deletUser()[pri:3, instance:test.Testing3@f6efaab]" started-at="2023-07-12T14:01:54 EDT" name="deletUser" finished-at="2023-07-12T14:01:54 EDT" depends-on-methods="test.Testing3.editUser" duration-ms="0" status="SKIP">
          <exception class="java.lang.Throwable">
            <message>
              <![CDATA[Method test.Testing3.deletUser() on instance test.Testing3@f6efaab depends on not successfully finished methods 
[test.Testing3.editUser() on instance test.Testing3@f6efaab]]]>
            </message>
            <full-stacktrace>
              <![CDATA[java.lang.Throwable: Method test.Testing3.deletUser() on instance test.Testing3@f6efaab depends on not successfully finished methods 
[test.Testing3.editUser() on instance test.Testing3@f6efaab]
at org.testng.internal.invokers.TestInvoker.invokeTestMethods(TestInvoker.java:156)
at org.testng.internal.invokers.TestMethodWorker.invokeTestMethods(TestMethodWorker.java:148)
at org.testng.internal.invokers.TestMethodWorker.run(TestMethodWorker.java:128)
at java.base/java.util.ArrayList.forEach(ArrayList.java:1511)
at org.testng.TestRunner.privateRun(TestRunner.java:848)
at org.testng.TestRunner.run(TestRunner.java:621)
at org.testng.SuiteRunner.runTest(SuiteRunner.java:443)
at org.testng.SuiteRunner.runSequentially(SuiteRunner.java:437)
at org.testng.SuiteRunner.privateRun(SuiteRunner.java:397)
at org.testng.SuiteRunner.run(SuiteRunner.java:336)
at org.testng.SuiteRunnerWorker.runSuite(SuiteRunnerWorker.java:52)
at org.testng.SuiteRunnerWorker.run(SuiteRunnerWorker.java:95)
at org.testng.TestNG.runSuitesSequentially(TestNG.java:1280)
at org.testng.TestNG.runSuitesLocally(TestNG.java:1200)
at org.testng.TestNG.runSuites(TestNG.java:1114)
at org.testng.TestNG.run(TestNG.java:1082)
at org.testng.remote.AbstractRemoteTestNG.run(AbstractRemoteTestNG.java:115)
at org.testng.remote.RemoteTestNG.initAndRun(RemoteTestNG.java:251)
at org.testng.remote.RemoteTestNG.main(RemoteTestNG.java:77)
]]>
            </full-stacktrace>
          </exception> <!-- java.lang.Throwable -->
          <reporter-output>
          </reporter-output>
        </test-method> <!-- deletUser -->
      </class> <!-- test.Testing3 -->
      <class name="test.Testing1">
        <test-method is-config="true" signature="beforeSuite()[pri:0, instance:test.Testing1@6069db50]" started-at="2023-07-12T14:01:54 EDT" name="beforeSuite" finished-at="2023-07-12T14:01:54 EDT" duration-ms="21" status="PASS">
          <reporter-output>
          </reporter-output>
        </test-method> <!-- beforeSuite -->
        <test-method is-config="true" signature="beforeTest()[pri:0, instance:test.Testing1@6069db50]" started-at="2023-07-12T14:01:54 EDT" name="beforeTest" finished-at="2023-07-12T14:01:54 EDT" duration-ms="0" status="PASS">
          <reporter-output>
          </reporter-output>
        </test-method> <!-- beforeTest -->
        <test-method is-config="true" signature="beforeClass()[pri:0, instance:test.Testing1@6069db50]" started-at="2023-07-12T14:01:54 EDT" name="beforeClass" finished-at="2023-07-12T14:01:54 EDT" duration-ms="1" status="PASS">
          <reporter-output>
          </reporter-output>
        </test-method> <!-- beforeClass -->
        <test-method is-config="true" signature="beforeMethod()[pri:0, instance:test.Testing1@6069db50]" started-at="2023-07-12T14:01:54 EDT" name="beforeMethod" finished-at="2023-07-12T14:01:54 EDT" duration-ms="1" status="PASS">
          <reporter-output>
          </reporter-output>
        </test-method> <!-- beforeMethod -->
        <test-method signature="abc(java.lang.Integer,java.lang.String)[pri:0, instance:test.Testing1@6069db50]" started-at="2023-07-12T14:01:54 EDT" name="abc" data-provider="loginData" finished-at="2023-07-12T14:01:54 EDT" duration-ms="15" status="PASS">
          <params>
            <param index="0">
              <value>
                <![CDATA[1]]>
              </value>
            </param>
            <param index="1">
              <value>
                <![CDATA[a]]>
              </value>
            </param>
          </params>
          <reporter-output>
          </reporter-output>
        </test-method> <!-- abc -->
        <test-method is-config="true" signature="afterMethod()[pri:0, instance:test.Testing1@6069db50]" started-at="2023-07-12T14:01:54 EDT" name="afterMethod" finished-at="2023-07-12T14:01:54 EDT" duration-ms="2" status="PASS">
          <reporter-output>
          </reporter-output>
        </test-method> <!-- afterMethod -->
        <test-method is-config="true" signature="beforeMethod()[pri:0, instance:test.Testing1@6069db50]" started-at="2023-07-12T14:01:54 EDT" name="beforeMethod" finished-at="2023-07-12T14:01:54 EDT" duration-ms="1" status="PASS">
          <reporter-output>
          </reporter-output>
        </test-method> <!-- beforeMethod -->
        <test-method signature="abc(java.lang.Integer,java.lang.String)[pri:0, instance:test.Testing1@6069db50]" started-at="2023-07-12T14:01:54 EDT" name="abc" data-provider="loginData" finished-at="2023-07-12T14:01:54 EDT" duration-ms="3" status="PASS">
          <params>
            <param index="0">
              <value>
                <![CDATA[2]]>
              </value>
            </param>
            <param index="1">
              <value>
                <![CDATA[b]]>
              </value>
            </param>
          </params>
          <reporter-output>
          </reporter-output>
        </test-method> <!-- abc -->
        <test-method is-config="true" signature="afterMethod()[pri:0, instance:test.Testing1@6069db50]" started-at="2023-07-12T14:01:54 EDT" name="afterMethod" finished-at="2023-07-12T14:01:54 EDT" duration-ms="2" status="PASS">
          <reporter-output>
          </reporter-output>
        </test-method> <!-- afterMethod -->
        <test-method signature="test1(int,java.lang.String)[pri:0, instance:test.Testing1@6069db50]" started-at="2023-07-12T14:01:54 EDT" name="test1" finished-at="2023-07-12T14:01:54 EDT" duration-ms="0" status="FAIL">
          <exception class="org.testng.TestNGException">
            <message>
              <![CDATA[
Cannot inject @Test annotated Method [test1] with [int, class java.lang.String].
For more information on native dependency injection please refer to https://testng.org/doc/documentation-main.html#native-dependency-injection]]>
            </message>
            <full-stacktrace>
              <![CDATA[org.testng.TestNGException: 
Cannot inject @Test annotated Method [test1] with [int, class java.lang.String].
For more information on native dependency injection please refer to https://testng.org/doc/documentation-main.html#native-dependency-injection
at org.testng.internal.Parameters.checkParameterTypes(Parameters.java:436)
at org.testng.internal.Parameters.createParametersForMethod(Parameters.java:350)
at org.testng.internal.Parameters.createParameters(Parameters.java:693)
at org.testng.internal.Parameters.handleParameters(Parameters.java:879)
at org.testng.internal.Parameters.handleParameters(Parameters.java:728)
at org.testng.internal.invokers.ParameterHandler.handleParameters(ParameterHandler.java:72)
at org.testng.internal.invokers.ParameterHandler.createParameters(ParameterHandler.java:51)
at org.testng.internal.invokers.TestInvoker$MethodInvocationAgent.invoke(TestInvoker.java:911)
at org.testng.internal.invokers.TestInvoker.invokeTestMethods(TestInvoker.java:200)
at org.testng.internal.invokers.TestMethodWorker.invokeTestMethods(TestMethodWorker.java:148)
at org.testng.internal.invokers.TestMethodWorker.run(TestMethodWorker.java:128)
at java.base/java.util.ArrayList.forEach(ArrayList.java:1511)
at org.testng.TestRunner.privateRun(TestRunner.java:848)
at org.testng.TestRunner.run(TestRunner.java:621)
at org.testng.SuiteRunner.runTest(SuiteRunner.java:443)
at org.testng.SuiteRunner.runSequentially(SuiteRunner.java:437)
at org.testng.SuiteRunner.privateRun(SuiteRunner.java:397)
at org.testng.SuiteRunner.run(SuiteRunner.java:336)
at org.testng.SuiteRunnerWorker.runSuite(SuiteRunnerWorker.java:52)
at org.testng.SuiteRunnerWorker.run(SuiteRunnerWorker.java:95)
at org.testng.TestNG.runSuitesSequentially(TestNG.java:1280)
at org.testng.TestNG.runSuitesLocally(TestNG.java:1200)
at org.testng.TestNG.runSuites(TestNG.java:1114)
at org.testng.TestNG.run(TestNG.java:1082)
at org.testng.remote.AbstractRemoteTestNG.run(AbstractRemoteTestNG.java:115)
at org.testng.remote.RemoteTestNG.initAndRun(RemoteTestNG.java:251)
at org.testng.remote.RemoteTestNG.main(RemoteTestNG.java:77)
]]>
            </full-stacktrace>
          </exception> <!-- org.testng.TestNGException -->
          <reporter-output>
          </reporter-output>
        </test-method> <!-- test1 -->
        <test-method is-config="true" signature="beforeMethod()[pri:0, instance:test.Testing1@6069db50]" started-at="2023-07-12T14:01:54 EDT" name="beforeMethod" finished-at="2023-07-12T14:01:54 EDT" duration-ms="1" status="PASS">
          <reporter-output>
          </reporter-output>
        </test-method> <!-- beforeMethod -->
        <test-method signature="test2()[pri:0, instance:test.Testing1@6069db50]" started-at="2023-07-12T14:01:54 EDT" name="test2" finished-at="2023-07-12T14:01:54 EDT" duration-ms="5" status="PASS">
          <reporter-output>
          </reporter-output>
        </test-method> <!-- test2 -->
        <test-method is-config="true" signature="afterMethod()[pri:0, instance:test.Testing1@6069db50]" started-at="2023-07-12T14:01:54 EDT" name="afterMethod" finished-at="2023-07-12T14:01:54 EDT" duration-ms="11" status="PASS">
          <reporter-output>
          </reporter-output>
        </test-method> <!-- afterMethod -->
        <test-method is-config="true" signature="afterClass()[pri:0, instance:test.Testing1@6069db50]" started-at="2023-07-12T14:01:54 EDT" name="afterClass" finished-at="2023-07-12T14:01:54 EDT" duration-ms="2" status="PASS">
          <reporter-output>
          </reporter-output>
        </test-method> <!-- afterClass -->
        <test-method is-config="true" signature="afterTest()[pri:0, instance:test.Testing1@6069db50]" started-at="2023-07-12T14:01:54 EDT" name="afterTest" finished-at="2023-07-12T14:01:54 EDT" duration-ms="2" status="PASS">
          <reporter-output>
          </reporter-output>
        </test-method> <!-- afterTest -->
        <test-method is-config="true" signature="afterSuite()[pri:0, instance:test.Testing1@6069db50]" started-at="2023-07-12T14:01:54 EDT" name="afterSuite" finished-at="2023-07-12T14:01:54 EDT" duration-ms="2" status="PASS">
          <reporter-output>
          </reporter-output>
        </test-method> <!-- afterSuite -->
      </class> <!-- test.Testing1 -->
    </test> <!-- Test -->
  </suite> <!-- Suite -->
</testng-results>
