<?xml version="1.0" encoding="UTF-8"?>
<!-- Generated by org.testng.reporters.JUnitXMLReporter -->
<testsuite ignored="0" hostname="DESKTOP-6LCO0GB" failures="2" tests="9" name="Test" time="0.047" errors="0" timestamp="12 Jul 2023 17:19:11 GMT">
  <testcase classname="selenium.Testing1" name="abc" time="0.004"/>
  <testcase classname="selenium.Testing1" name="abc" time="0.0"/>
  <testcase classname="selenium.Testing1" name="test1" time="0.0">
    <failure type="org.testng.TestNGException" message="
Cannot inject @Test annotated Method [test1] with [int, class java.lang.String].
For more information on native dependency injection please refer to http://testng.org/doc/documentation-main.html#native-dependency-injection">
      <![CDATA[org.testng.TestNGException: 
Cannot inject @Test annotated Method [test1] with [int, class java.lang.String].
For more information on native dependency injection please refer to http://testng.org/doc/documentation-main.html#native-dependency-injection
... Removed 23 stack frames]]>
    </failure>
  </testcase> <!-- test1 -->
  <testcase classname="selenium.Testing1" name="test2" time="0.0"/>
  <testcase classname="selenium.Testing2" name="test3" time="0.001"/>
  <testcase classname="selenium.Testing2" name="test4" time="0.0"/>
  <testcase classname="selenium.Testing3" name="createUser" time="0.003">
    <failure type="java.lang.AssertionError" message="Verifying Element expected [true] but found [false]">
      <![CDATA[java.lang.AssertionError: Verifying Element expected [true] but found [false]
at selenium.Testing3.createUser(Testing3.java:17)
... Removed 25 stack frames]]>
    </failure>
  </testcase> <!-- createUser -->
  <testcase classname="selenium.Testing3" name="editUser" time="0.0">
    <skipped/>
  </testcase> <!-- editUser -->
  <testcase classname="selenium.Testing3" name="deletUser" time="0.0">
    <skipped/>
  </testcase> <!-- deletUser -->
</testsuite> <!-- Test -->
